../../bin/sceneViewer.ilk
../../bin/sceneViewer.pdb
C:\USERS\ZSADEGHI\DOCUMENTS\MASTER_SFU\THESIS\CODE\SCENE DATABASES\STANFORD-SCENE-DATABASE-MASTER\BIN\SCENEVIEWER.EXE
C:\USERS\ZSADEGHI\DOCUMENTS\MASTER_SFU\THESIS\CODE\SCENE DATABASES\STANFORD-SCENE-DATABASE-MASTER\BIN\SCENEVIEWER.ILK
C:\USERS\ZSADEGHI\DOCUMENTS\MASTER_SFU\THESIS\CODE\SCENE DATABASES\STANFORD-SCENE-DATABASE-MASTER\BIN\SCENEVIEWER.PDB
C:\Users\zsadeghi\Documents\Master_SFU\Thesis\Code\Scene Databases\stanford-scene-database-master\windows\vs2010\../../bin/sceneViewer.exe
C:\USERS\ZSADEGHI\DOCUMENTS\MASTER_SFU\THESIS\CODE\SCENE DATABASES\STANFORD-SCENE-DATABASE-MASTER\WINDOWS\VS2010\SCENEVIEWERDEBUG\ASSETS.OBJ
C:\USERS\ZSADEGHI\DOCUMENTS\MASTER_SFU\THESIS\CODE\SCENE DATABASES\STANFORD-SCENE-DATABASE-MASTER\WINDOWS\VS2010\SCENEVIEWERDEBUG\CAMERA.OBJ
C:\Users\zsadeghi\Documents\Master_SFU\Thesis\Code\Scene Databases\stanford-scene-database-master\windows\vs2010\sceneViewerDebug\cl.command.1.tlog
C:\Users\zsadeghi\Documents\Master_SFU\Thesis\Code\Scene Databases\stanford-scene-database-master\windows\vs2010\sceneViewerDebug\CL.read.1.tlog
C:\Users\zsadeghi\Documents\Master_SFU\Thesis\Code\Scene Databases\stanford-scene-database-master\windows\vs2010\sceneViewerDebug\CL.write.1.tlog
C:\Users\zsadeghi\Documents\Master_SFU\Thesis\Code\Scene Databases\stanford-scene-database-master\windows\vs2010\sceneViewerDebug\link.18668.read.1.tlog
C:\Users\zsadeghi\Documents\Master_SFU\Thesis\Code\Scene Databases\stanford-scene-database-master\windows\vs2010\sceneViewerDebug\link.18668.write.1.tlog
C:\Users\zsadeghi\Documents\Master_SFU\Thesis\Code\Scene Databases\stanford-scene-database-master\windows\vs2010\sceneViewerDebug\link.18668-cvtres.read.1.tlog
C:\Users\zsadeghi\Documents\Master_SFU\Thesis\Code\Scene Databases\stanford-scene-database-master\windows\vs2010\sceneViewerDebug\link.18668-cvtres.write.1.tlog
C:\Users\zsadeghi\Documents\Master_SFU\Thesis\Code\Scene Databases\stanford-scene-database-master\windows\vs2010\sceneViewerDebug\link.command.1.tlog
C:\Users\zsadeghi\Documents\Master_SFU\Thesis\Code\Scene Databases\stanford-scene-database-master\windows\vs2010\sceneViewerDebug\link.read.1.tlog
C:\Users\zsadeghi\Documents\Master_SFU\Thesis\Code\Scene Databases\stanford-scene-database-master\windows\vs2010\sceneViewerDebug\link.write.1.tlog
C:\Users\zsadeghi\Documents\Master_SFU\Thesis\Code\Scene Databases\stanford-scene-database-master\windows\vs2010\sceneViewerDebug\link-cvtres.read.1.tlog
C:\Users\zsadeghi\Documents\Master_SFU\Thesis\Code\Scene Databases\stanford-scene-database-master\windows\vs2010\sceneViewerDebug\link-cvtres.write.1.tlog
C:\USERS\ZSADEGHI\DOCUMENTS\MASTER_SFU\THESIS\CODE\SCENE DATABASES\STANFORD-SCENE-DATABASE-MASTER\WINDOWS\VS2010\SCENEVIEWERDEBUG\MAIN.OBJ
C:\USERS\ZSADEGHI\DOCUMENTS\MASTER_SFU\THESIS\CODE\SCENE DATABASES\STANFORD-SCENE-DATABASE-MASTER\WINDOWS\VS2010\SCENEVIEWERDEBUG\MATRIX4.OBJ
C:\USERS\ZSADEGHI\DOCUMENTS\MASTER_SFU\THESIS\CODE\SCENE DATABASES\STANFORD-SCENE-DATABASE-MASTER\WINDOWS\VS2010\SCENEVIEWERDEBUG\MESH.OBJ
C:\USERS\ZSADEGHI\DOCUMENTS\MASTER_SFU\THESIS\CODE\SCENE DATABASES\STANFORD-SCENE-DATABASE-MASTER\WINDOWS\VS2010\SCENEVIEWERDEBUG\MODEL.OBJ
C:\USERS\ZSADEGHI\DOCUMENTS\MASTER_SFU\THESIS\CODE\SCENE DATABASES\STANFORD-SCENE-DATABASE-MASTER\WINDOWS\VS2010\SCENEVIEWERDEBUG\MODELINSTANCE.OBJ
C:\Users\zsadeghi\Documents\Master_SFU\Thesis\Code\Scene Databases\stanford-scene-database-master\windows\vs2010\sceneViewerDebug\mt.command.1.tlog
C:\Users\zsadeghi\Documents\Master_SFU\Thesis\Code\Scene Databases\stanford-scene-database-master\windows\vs2010\sceneViewerDebug\mt.read.1.tlog
C:\Users\zsadeghi\Documents\Master_SFU\Thesis\Code\Scene Databases\stanford-scene-database-master\windows\vs2010\sceneViewerDebug\mt.write.1.tlog
C:\USERS\ZSADEGHI\DOCUMENTS\MASTER_SFU\THESIS\CODE\SCENE DATABASES\STANFORD-SCENE-DATABASE-MASTER\WINDOWS\VS2010\SCENEVIEWERDEBUG\PARAMETERS.OBJ
C:\Users\zsadeghi\Documents\Master_SFU\Thesis\Code\Scene Databases\stanford-scene-database-master\windows\vs2010\sceneViewerDebug\rc.command.1.tlog
C:\Users\zsadeghi\Documents\Master_SFU\Thesis\Code\Scene Databases\stanford-scene-database-master\windows\vs2010\sceneViewerDebug\rc.read.1.tlog
C:\Users\zsadeghi\Documents\Master_SFU\Thesis\Code\Scene Databases\stanford-scene-database-master\windows\vs2010\sceneViewerDebug\rc.write.1.tlog
C:\USERS\ZSADEGHI\DOCUMENTS\MASTER_SFU\THESIS\CODE\SCENE DATABASES\STANFORD-SCENE-DATABASE-MASTER\WINDOWS\VS2010\SCENEVIEWERDEBUG\SCENE.OBJ
C:\USERS\ZSADEGHI\DOCUMENTS\MASTER_SFU\THESIS\CODE\SCENE DATABASES\STANFORD-SCENE-DATABASE-MASTER\WINDOWS\VS2010\SCENEVIEWERDEBUG\SCENEVIEWER.EXE.EMBED.MANIFEST
C:\USERS\ZSADEGHI\DOCUMENTS\MASTER_SFU\THESIS\CODE\SCENE DATABASES\STANFORD-SCENE-DATABASE-MASTER\WINDOWS\VS2010\SCENEVIEWERDEBUG\SCENEVIEWER.EXE.EMBED.MANIFEST.RES
C:\USERS\ZSADEGHI\DOCUMENTS\MASTER_SFU\THESIS\CODE\SCENE DATABASES\STANFORD-SCENE-DATABASE-MASTER\WINDOWS\VS2010\SCENEVIEWERDEBUG\SCENEVIEWER.EXE.INTERMEDIATE.MANIFEST
C:\USERS\ZSADEGHI\DOCUMENTS\MASTER_SFU\THESIS\CODE\SCENE DATABASES\STANFORD-SCENE-DATABASE-MASTER\WINDOWS\VS2010\SCENEVIEWERDEBUG\SCENEVIEWER.OBJ
C:\Users\zsadeghi\Documents\Master_SFU\Thesis\Code\Scene Databases\stanford-scene-database-master\windows\vs2010\sceneViewerDebug\sceneViewer.write.1.tlog
C:\Users\zsadeghi\Documents\Master_SFU\Thesis\Code\Scene Databases\stanford-scene-database-master\windows\vs2010\sceneViewerDebug\sceneViewer_manifest.rc
C:\USERS\ZSADEGHI\DOCUMENTS\MASTER_SFU\THESIS\CODE\SCENE DATABASES\STANFORD-SCENE-DATABASE-MASTER\WINDOWS\VS2010\SCENEVIEWERDEBUG\UTILITY.OBJ
C:\Users\zsadeghi\Documents\Master_SFU\Thesis\Code\Scene Databases\stanford-scene-database-master\windows\vs2010\sceneViewerDebug\vc100.idb
C:\USERS\ZSADEGHI\DOCUMENTS\MASTER_SFU\THESIS\CODE\SCENE DATABASES\STANFORD-SCENE-DATABASE-MASTER\WINDOWS\VS2010\SCENEVIEWERDEBUG\VC100.PDB
