../../bin/modelViewer.ilk
../../bin/modelViewer.pdb
C:\USERS\ZSADEGHI\DOCUMENTS\MASTER_SFU\THESIS\CODE\SCENE DATABASES\STANFORD-SCENE-DATABASE-MASTER\BIN\MODELVIEWER.EXE
C:\USERS\ZSADEGHI\DOCUMENTS\MASTER_SFU\THESIS\CODE\SCENE DATABASES\STANFORD-SCENE-DATABASE-MASTER\BIN\MODELVIEWER.ILK
C:\USERS\ZSADEGHI\DOCUMENTS\MASTER_SFU\THESIS\CODE\SCENE DATABASES\STANFORD-SCENE-DATABASE-MASTER\BIN\MODELVIEWER.PDB
C:\Users\zsadeghi\Documents\Master_SFU\Thesis\Code\Scene Databases\stanford-scene-database-master\windows\vs2010\../../bin/modelViewer.exe
C:\USERS\ZSADEGHI\DOCUMENTS\MASTER_SFU\THESIS\CODE\SCENE DATABASES\STANFORD-SCENE-DATABASE-MASTER\WINDOWS\VS2010\MODELVIEWERDEBUG\ASSETS.OBJ
C:\USERS\ZSADEGHI\DOCUMENTS\MASTER_SFU\THESIS\CODE\SCENE DATABASES\STANFORD-SCENE-DATABASE-MASTER\WINDOWS\VS2010\MODELVIEWERDEBUG\CAMERA.OBJ
C:\Users\zsadeghi\Documents\Master_SFU\Thesis\Code\Scene Databases\stanford-scene-database-master\windows\vs2010\modelViewerDebug\cl.command.1.tlog
C:\Users\zsadeghi\Documents\Master_SFU\Thesis\Code\Scene Databases\stanford-scene-database-master\windows\vs2010\modelViewerDebug\CL.read.1.tlog
C:\Users\zsadeghi\Documents\Master_SFU\Thesis\Code\Scene Databases\stanford-scene-database-master\windows\vs2010\modelViewerDebug\CL.write.1.tlog
C:\Users\zsadeghi\Documents\Master_SFU\Thesis\Code\Scene Databases\stanford-scene-database-master\windows\vs2010\modelViewerDebug\link.22596.read.1.tlog
C:\Users\zsadeghi\Documents\Master_SFU\Thesis\Code\Scene Databases\stanford-scene-database-master\windows\vs2010\modelViewerDebug\link.22596.write.1.tlog
C:\Users\zsadeghi\Documents\Master_SFU\Thesis\Code\Scene Databases\stanford-scene-database-master\windows\vs2010\modelViewerDebug\link.22596-cvtres.read.1.tlog
C:\Users\zsadeghi\Documents\Master_SFU\Thesis\Code\Scene Databases\stanford-scene-database-master\windows\vs2010\modelViewerDebug\link.22596-cvtres.write.1.tlog
C:\Users\zsadeghi\Documents\Master_SFU\Thesis\Code\Scene Databases\stanford-scene-database-master\windows\vs2010\modelViewerDebug\link.command.1.tlog
C:\Users\zsadeghi\Documents\Master_SFU\Thesis\Code\Scene Databases\stanford-scene-database-master\windows\vs2010\modelViewerDebug\link.read.1.tlog
C:\Users\zsadeghi\Documents\Master_SFU\Thesis\Code\Scene Databases\stanford-scene-database-master\windows\vs2010\modelViewerDebug\link.write.1.tlog
C:\Users\zsadeghi\Documents\Master_SFU\Thesis\Code\Scene Databases\stanford-scene-database-master\windows\vs2010\modelViewerDebug\link-cvtres.read.1.tlog
C:\Users\zsadeghi\Documents\Master_SFU\Thesis\Code\Scene Databases\stanford-scene-database-master\windows\vs2010\modelViewerDebug\link-cvtres.write.1.tlog
C:\USERS\ZSADEGHI\DOCUMENTS\MASTER_SFU\THESIS\CODE\SCENE DATABASES\STANFORD-SCENE-DATABASE-MASTER\WINDOWS\VS2010\MODELVIEWERDEBUG\MAIN.OBJ
C:\USERS\ZSADEGHI\DOCUMENTS\MASTER_SFU\THESIS\CODE\SCENE DATABASES\STANFORD-SCENE-DATABASE-MASTER\WINDOWS\VS2010\MODELVIEWERDEBUG\MATRIX4.OBJ
C:\USERS\ZSADEGHI\DOCUMENTS\MASTER_SFU\THESIS\CODE\SCENE DATABASES\STANFORD-SCENE-DATABASE-MASTER\WINDOWS\VS2010\MODELVIEWERDEBUG\MESH.OBJ
C:\USERS\ZSADEGHI\DOCUMENTS\MASTER_SFU\THESIS\CODE\SCENE DATABASES\STANFORD-SCENE-DATABASE-MASTER\WINDOWS\VS2010\MODELVIEWERDEBUG\MODEL.OBJ
C:\USERS\ZSADEGHI\DOCUMENTS\MASTER_SFU\THESIS\CODE\SCENE DATABASES\STANFORD-SCENE-DATABASE-MASTER\WINDOWS\VS2010\MODELVIEWERDEBUG\MODELDATABASE.OBJ
C:\USERS\ZSADEGHI\DOCUMENTS\MASTER_SFU\THESIS\CODE\SCENE DATABASES\STANFORD-SCENE-DATABASE-MASTER\WINDOWS\VS2010\MODELVIEWERDEBUG\MODELINSTANCE.OBJ
C:\USERS\ZSADEGHI\DOCUMENTS\MASTER_SFU\THESIS\CODE\SCENE DATABASES\STANFORD-SCENE-DATABASE-MASTER\WINDOWS\VS2010\MODELVIEWERDEBUG\MODELVIEWER.EXE.EMBED.MANIFEST
C:\USERS\ZSADEGHI\DOCUMENTS\MASTER_SFU\THESIS\CODE\SCENE DATABASES\STANFORD-SCENE-DATABASE-MASTER\WINDOWS\VS2010\MODELVIEWERDEBUG\MODELVIEWER.EXE.EMBED.MANIFEST.RES
C:\USERS\ZSADEGHI\DOCUMENTS\MASTER_SFU\THESIS\CODE\SCENE DATABASES\STANFORD-SCENE-DATABASE-MASTER\WINDOWS\VS2010\MODELVIEWERDEBUG\MODELVIEWER.EXE.INTERMEDIATE.MANIFEST
C:\USERS\ZSADEGHI\DOCUMENTS\MASTER_SFU\THESIS\CODE\SCENE DATABASES\STANFORD-SCENE-DATABASE-MASTER\WINDOWS\VS2010\MODELVIEWERDEBUG\MODELVIEWER.OBJ
C:\Users\zsadeghi\Documents\Master_SFU\Thesis\Code\Scene Databases\stanford-scene-database-master\windows\vs2010\modelViewerDebug\modelViewer.write.1.tlog
C:\Users\zsadeghi\Documents\Master_SFU\Thesis\Code\Scene Databases\stanford-scene-database-master\windows\vs2010\modelViewerDebug\modelViewer_manifest.rc
C:\Users\zsadeghi\Documents\Master_SFU\Thesis\Code\Scene Databases\stanford-scene-database-master\windows\vs2010\modelViewerDebug\mt.command.1.tlog
C:\Users\zsadeghi\Documents\Master_SFU\Thesis\Code\Scene Databases\stanford-scene-database-master\windows\vs2010\modelViewerDebug\mt.read.1.tlog
C:\Users\zsadeghi\Documents\Master_SFU\Thesis\Code\Scene Databases\stanford-scene-database-master\windows\vs2010\modelViewerDebug\mt.write.1.tlog
C:\USERS\ZSADEGHI\DOCUMENTS\MASTER_SFU\THESIS\CODE\SCENE DATABASES\STANFORD-SCENE-DATABASE-MASTER\WINDOWS\VS2010\MODELVIEWERDEBUG\PARAMETERS.OBJ
C:\Users\zsadeghi\Documents\Master_SFU\Thesis\Code\Scene Databases\stanford-scene-database-master\windows\vs2010\modelViewerDebug\rc.command.1.tlog
C:\Users\zsadeghi\Documents\Master_SFU\Thesis\Code\Scene Databases\stanford-scene-database-master\windows\vs2010\modelViewerDebug\rc.read.1.tlog
C:\Users\zsadeghi\Documents\Master_SFU\Thesis\Code\Scene Databases\stanford-scene-database-master\windows\vs2010\modelViewerDebug\rc.write.1.tlog
C:\USERS\ZSADEGHI\DOCUMENTS\MASTER_SFU\THESIS\CODE\SCENE DATABASES\STANFORD-SCENE-DATABASE-MASTER\WINDOWS\VS2010\MODELVIEWERDEBUG\SCENE.OBJ
C:\USERS\ZSADEGHI\DOCUMENTS\MASTER_SFU\THESIS\CODE\SCENE DATABASES\STANFORD-SCENE-DATABASE-MASTER\WINDOWS\VS2010\MODELVIEWERDEBUG\UTILITY.OBJ
C:\Users\zsadeghi\Documents\Master_SFU\Thesis\Code\Scene Databases\stanford-scene-database-master\windows\vs2010\modelViewerDebug\vc100.idb
C:\USERS\ZSADEGHI\DOCUMENTS\MASTER_SFU\THESIS\CODE\SCENE DATABASES\STANFORD-SCENE-DATABASE-MASTER\WINDOWS\VS2010\MODELVIEWERDEBUG\VC100.PDB
